2025-08-20 12:09:37,309 - __main__ - INFO - Бот запущен
2025-08-20 12:09:37,309 - aiogram.dispatcher - INFO - Start polling
2025-08-20 12:09:40,697 - aiogram.dispatcher - INFO - Run polling for bot @NogotochkiTochkaBot id=7802859310 - 'NogotochkiTochkaBot'
2025-08-20 12:09:57,043 - aiogram.event - INFO - Update id=278642770 is handled. Duration 234 ms by bot id=7802859310
2025-08-20 12:10:05,258 - aiogram.event - INFO - Update id=278642771 is handled. Duration 89 ms by bot id=7802859310
2025-08-20 12:10:09,805 - aiogram.event - INFO - Update id=278642772 is handled. Duration 79 ms by bot id=7802859310
2025-08-20 12:10:14,655 - aiogram.event - INFO - Update id=278642773 is handled. Duration 412 ms by bot id=7802859310
2025-08-20 12:10:29,662 - aiogram.event - INFO - Update id=278642774 is handled. Duration 209 ms by bot id=7802859310
2025-08-20 12:12:23,688 - aiogram.event - INFO - Update id=278642775 is not handled. Duration 1 ms by bot id=7802859310
2025-08-20 12:12:23,689 - aiogram.event - ERROR - Cause exception while process update id=278642775 by bot id=7802859310
TypeError: admin_panel() got an unexpected keyword argument 'dispatcher'
Traceback (most recent call last):
  File "/home/maxim/Рабочий стол/Бот/.venv/lib/python3.13/site-packages/aiogram/dispatcher/dispatcher.py", line 309, in _process_update
    response = await self.feed_update(bot, update, **kwargs)
               ^^^^^^^^^^^^^^^^^^^^^^^^^^^^^^^^^^^^^^^^^^^^^
  File "/home/maxim/Рабочий стол/Бот/.venv/lib/python3.13/site-packages/aiogram/dispatcher/dispatcher.py", line 158, in feed_update
    response = await self.update.wrap_outer_middleware(
               ^^^^^^^^^^^^^^^^^^^^^^^^^^^^^^^^^^^^^^^^
    ...<7 lines>...
    )
    ^
  File "/home/maxim/Рабочий стол/Бот/.venv/lib/python3.13/site-packages/aiogram/dispatcher/middlewares/error.py", line 25, in __call__
    return await handler(event, data)
           ^^^^^^^^^^^^^^^^^^^^^^^^^^
  File "/home/maxim/Рабочий стол/Бот/.venv/lib/python3.13/site-packages/aiogram/dispatcher/middlewares/user_context.py", line 56, in __call__
    return await handler(event, data)
           ^^^^^^^^^^^^^^^^^^^^^^^^^^
  File "/home/maxim/Рабочий стол/Бот/.venv/lib/python3.13/site-packages/aiogram/fsm/middleware.py", line 42, in __call__
    return await handler(event, data)
           ^^^^^^^^^^^^^^^^^^^^^^^^^^
  File "/home/maxim/Рабочий стол/Бот/.venv/lib/python3.13/site-packages/aiogram/dispatcher/event/telegram.py", line 121, in trigger
    return await wrapped_inner(event, kwargs)
           ^^^^^^^^^^^^^^^^^^^^^^^^^^^^^^^^^^
  File "/home/maxim/Рабочий стол/Бот/.venv/lib/python3.13/site-packages/aiogram/dispatcher/event/handler.py", line 43, in call
    return await wrapped()
           ^^^^^^^^^^^^^^^
  File "/home/maxim/Рабочий стол/Бот/.venv/lib/python3.13/site-packages/aiogram/dispatcher/dispatcher.py", line 276, in _listen_update
    return await self.propagate_event(update_type=update_type, event=event, **kwargs)
           ^^^^^^^^^^^^^^^^^^^^^^^^^^^^^^^^^^^^^^^^^^^^^^^^^^^^^^^^^^^^^^^^^^^^^^^^^^
  File "/home/maxim/Рабочий стол/Бот/.venv/lib/python3.13/site-packages/aiogram/dispatcher/router.py", line 146, in propagate_event
    return await observer.wrap_outer_middleware(_wrapped, event=event, data=kwargs)
           ^^^^^^^^^^^^^^^^^^^^^^^^^^^^^^^^^^^^^^^^^^^^^^^^^^^^^^^^^^^^^^^^^^^^^^^^
  File "/home/maxim/Рабочий стол/Бот/.venv/lib/python3.13/site-packages/aiogram/dispatcher/router.py", line 141, in _wrapped
    return await self._propagate_event(
           ^^^^^^^^^^^^^^^^^^^^^^^^^^^^
        observer=observer, update_type=update_type, event=telegram_event, **data
        ^^^^^^^^^^^^^^^^^^^^^^^^^^^^^^^^^^^^^^^^^^^^^^^^^^^^^^^^^^^^^^^^^^^^^^^^
    )
    ^
  File "/home/maxim/Рабочий стол/Бот/.venv/lib/python3.13/site-packages/aiogram/dispatcher/router.py", line 174, in _propagate_event
    response = await router.propagate_event(update_type=update_type, event=event, **kwargs)
               ^^^^^^^^^^^^^^^^^^^^^^^^^^^^^^^^^^^^^^^^^^^^^^^^^^^^^^^^^^^^^^^^^^^^^^^^^^^^
  File "/home/maxim/Рабочий стол/Бот/.venv/lib/python3.13/site-packages/aiogram/dispatcher/router.py", line 146, in propagate_event
    return await observer.wrap_outer_middleware(_wrapped, event=event, data=kwargs)
           ^^^^^^^^^^^^^^^^^^^^^^^^^^^^^^^^^^^^^^^^^^^^^^^^^^^^^^^^^^^^^^^^^^^^^^^^
  File "/home/maxim/Рабочий стол/Бот/.venv/lib/python3.13/site-packages/aiogram/dispatcher/router.py", line 141, in _wrapped
    return await self._propagate_event(
           ^^^^^^^^^^^^^^^^^^^^^^^^^^^^
        observer=observer, update_type=update_type, event=telegram_event, **data
        ^^^^^^^^^^^^^^^^^^^^^^^^^^^^^^^^^^^^^^^^^^^^^^^^^^^^^^^^^^^^^^^^^^^^^^^^
    )
    ^
  File "/home/maxim/Рабочий стол/Бот/.venv/lib/python3.13/site-packages/aiogram/dispatcher/router.py", line 166, in _propagate_event
    response = await observer.trigger(event, **kwargs)
               ^^^^^^^^^^^^^^^^^^^^^^^^^^^^^^^^^^^^^^^
  File "/home/maxim/Рабочий стол/Бот/.venv/lib/python3.13/site-packages/aiogram/dispatcher/event/telegram.py", line 121, in trigger
    return await wrapped_inner(event, kwargs)
           ^^^^^^^^^^^^^^^^^^^^^^^^^^^^^^^^^^
  File "/home/maxim/Рабочий стол/Бот/.venv/lib/python3.13/site-packages/aiogram/dispatcher/event/handler.py", line 43, in call
    return await wrapped()
           ^^^^^^^^^^^^^^^
  File "/home/maxim/Рабочий стол/Бот/admin_handlers.py", line 45, in wrapper
    return await handler(message, *args, **kwargs)
                 ~~~~~~~^^^^^^^^^^^^^^^^^^^^^^^^^^
TypeError: admin_panel() got an unexpected keyword argument 'dispatcher'
2025-08-20 12:12:28,838 - aiogram.event - INFO - Update id=278642776 is not handled. Duration 1 ms by bot id=7802859310
2025-08-20 12:12:28,838 - aiogram.event - ERROR - Cause exception while process update id=278642776 by bot id=7802859310
TypeError: admin_panel() got an unexpected keyword argument 'dispatcher'
Traceback (most recent call last):
  File "/home/maxim/Рабочий стол/Бот/.venv/lib/python3.13/site-packages/aiogram/dispatcher/dispatcher.py", line 309, in _process_update
    response = await self.feed_update(bot, update, **kwargs)
               ^^^^^^^^^^^^^^^^^^^^^^^^^^^^^^^^^^^^^^^^^^^^^
  File "/home/maxim/Рабочий стол/Бот/.venv/lib/python3.13/site-packages/aiogram/dispatcher/dispatcher.py", line 158, in feed_update
    response = await self.update.wrap_outer_middleware(
               ^^^^^^^^^^^^^^^^^^^^^^^^^^^^^^^^^^^^^^^^
    ...<7 lines>...
    )
    ^
  File "/home/maxim/Рабочий стол/Бот/.venv/lib/python3.13/site-packages/aiogram/dispatcher/middlewares/error.py", line 25, in __call__
    return await handler(event, data)
           ^^^^^^^^^^^^^^^^^^^^^^^^^^
  File "/home/maxim/Рабочий стол/Бот/.venv/lib/python3.13/site-packages/aiogram/dispatcher/middlewares/user_context.py", line 56, in __call__
    return await handler(event, data)
           ^^^^^^^^^^^^^^^^^^^^^^^^^^
  File "/home/maxim/Рабочий стол/Бот/.venv/lib/python3.13/site-packages/aiogram/fsm/middleware.py", line 42, in __call__
    return await handler(event, data)
           ^^^^^^^^^^^^^^^^^^^^^^^^^^
  File "/home/maxim/Рабочий стол/Бот/.venv/lib/python3.13/site-packages/aiogram/dispatcher/event/telegram.py", line 121, in trigger
    return await wrapped_inner(event, kwargs)
           ^^^^^^^^^^^^^^^^^^^^^^^^^^^^^^^^^^
  File "/home/maxim/Рабочий стол/Бот/.venv/lib/python3.13/site-packages/aiogram/dispatcher/event/handler.py", line 43, in call
    return await wrapped()
           ^^^^^^^^^^^^^^^
  File "/home/maxim/Рабочий стол/Бот/.venv/lib/python3.13/site-packages/aiogram/dispatcher/dispatcher.py", line 276, in _listen_update
    return await self.propagate_event(update_type=update_type, event=event, **kwargs)
           ^^^^^^^^^^^^^^^^^^^^^^^^^^^^^^^^^^^^^^^^^^^^^^^^^^^^^^^^^^^^^^^^^^^^^^^^^^
  File "/home/maxim/Рабочий стол/Бот/.venv/lib/python3.13/site-packages/aiogram/dispatcher/router.py", line 146, in propagate_event
    return await observer.wrap_outer_middleware(_wrapped, event=event, data=kwargs)
           ^^^^^^^^^^^^^^^^^^^^^^^^^^^^^^^^^^^^^^^^^^^^^^^^^^^^^^^^^^^^^^^^^^^^^^^^
  File "/home/maxim/Рабочий стол/Бот/.venv/lib/python3.13/site-packages/aiogram/dispatcher/router.py", line 141, in _wrapped
    return await self._propagate_event(
           ^^^^^^^^^^^^^^^^^^^^^^^^^^^^
        observer=observer, update_type=update_type, event=telegram_event, **data
        ^^^^^^^^^^^^^^^^^^^^^^^^^^^^^^^^^^^^^^^^^^^^^^^^^^^^^^^^^^^^^^^^^^^^^^^^
    )
    ^
  File "/home/maxim/Рабочий стол/Бот/.venv/lib/python3.13/site-packages/aiogram/dispatcher/router.py", line 174, in _propagate_event
    response = await router.propagate_event(update_type=update_type, event=event, **kwargs)
               ^^^^^^^^^^^^^^^^^^^^^^^^^^^^^^^^^^^^^^^^^^^^^^^^^^^^^^^^^^^^^^^^^^^^^^^^^^^^
  File "/home/maxim/Рабочий стол/Бот/.venv/lib/python3.13/site-packages/aiogram/dispatcher/router.py", line 146, in propagate_event
    return await observer.wrap_outer_middleware(_wrapped, event=event, data=kwargs)
           ^^^^^^^^^^^^^^^^^^^^^^^^^^^^^^^^^^^^^^^^^^^^^^^^^^^^^^^^^^^^^^^^^^^^^^^^
  File "/home/maxim/Рабочий стол/Бот/.venv/lib/python3.13/site-packages/aiogram/dispatcher/router.py", line 141, in _wrapped
    return await self._propagate_event(
           ^^^^^^^^^^^^^^^^^^^^^^^^^^^^
        observer=observer, update_type=update_type, event=telegram_event, **data
        ^^^^^^^^^^^^^^^^^^^^^^^^^^^^^^^^^^^^^^^^^^^^^^^^^^^^^^^^^^^^^^^^^^^^^^^^
    )
    ^
  File "/home/maxim/Рабочий стол/Бот/.venv/lib/python3.13/site-packages/aiogram/dispatcher/router.py", line 166, in _propagate_event
    response = await observer.trigger(event, **kwargs)
               ^^^^^^^^^^^^^^^^^^^^^^^^^^^^^^^^^^^^^^^
  File "/home/maxim/Рабочий стол/Бот/.venv/lib/python3.13/site-packages/aiogram/dispatcher/event/telegram.py", line 121, in trigger
    return await wrapped_inner(event, kwargs)
           ^^^^^^^^^^^^^^^^^^^^^^^^^^^^^^^^^^
  File "/home/maxim/Рабочий стол/Бот/.venv/lib/python3.13/site-packages/aiogram/dispatcher/event/handler.py", line 43, in call
    return await wrapped()
           ^^^^^^^^^^^^^^^
  File "/home/maxim/Рабочий стол/Бот/admin_handlers.py", line 45, in wrapper
    return await handler(message, *args, **kwargs)
                 ~~~~~~~^^^^^^^^^^^^^^^^^^^^^^^^^^
TypeError: admin_panel() got an unexpected keyword argument 'dispatcher'
2025-08-20 12:15:42,484 - aiogram.event - INFO - Update id=278642777 is handled. Duration 248 ms by bot id=7802859310
2025-08-20 12:15:46,074 - aiogram.event - INFO - Update id=278642778 is handled. Duration 192 ms by bot id=7802859310
2025-08-20 12:15:49,693 - aiogram.event - INFO - Update id=278642779 is handled. Duration 88 ms by bot id=7802859310
2025-08-20 12:15:51,912 - aiogram.event - INFO - Update id=278642780 is handled. Duration 85 ms by bot id=7802859310
2025-08-20 12:15:57,786 - aiogram.event - INFO - Update id=278642781 is handled. Duration 194 ms by bot id=7802859310
2025-08-20 12:16:10,917 - aiogram.event - INFO - Update id=278642782 is handled. Duration 89 ms by bot id=7802859310
2025-08-20 12:16:31,095 - aiogram.event - INFO - Update id=278642783 is not handled. Duration 1 ms by bot id=7802859310
2025-08-20 12:16:31,095 - aiogram.event - ERROR - Cause exception while process update id=278642783 by bot id=7802859310
TypeError: admin_panel() got an unexpected keyword argument 'dispatcher'
Traceback (most recent call last):
  File "/home/maxim/Рабочий стол/Бот/.venv/lib/python3.13/site-packages/aiogram/dispatcher/dispatcher.py", line 309, in _process_update
    response = await self.feed_update(bot, update, **kwargs)
               ^^^^^^^^^^^^^^^^^^^^^^^^^^^^^^^^^^^^^^^^^^^^^
  File "/home/maxim/Рабочий стол/Бот/.venv/lib/python3.13/site-packages/aiogram/dispatcher/dispatcher.py", line 158, in feed_update
    response = await self.update.wrap_outer_middleware(
               ^^^^^^^^^^^^^^^^^^^^^^^^^^^^^^^^^^^^^^^^
    ...<7 lines>...
    )
    ^
  File "/home/maxim/Рабочий стол/Бот/.venv/lib/python3.13/site-packages/aiogram/dispatcher/middlewares/error.py", line 25, in __call__
    return await handler(event, data)
           ^^^^^^^^^^^^^^^^^^^^^^^^^^
  File "/home/maxim/Рабочий стол/Бот/.venv/lib/python3.13/site-packages/aiogram/dispatcher/middlewares/user_context.py", line 56, in __call__
    return await handler(event, data)
           ^^^^^^^^^^^^^^^^^^^^^^^^^^
  File "/home/maxim/Рабочий стол/Бот/.venv/lib/python3.13/site-packages/aiogram/fsm/middleware.py", line 42, in __call__
    return await handler(event, data)
           ^^^^^^^^^^^^^^^^^^^^^^^^^^
  File "/home/maxim/Рабочий стол/Бот/.venv/lib/python3.13/site-packages/aiogram/dispatcher/event/telegram.py", line 121, in trigger
    return await wrapped_inner(event, kwargs)
           ^^^^^^^^^^^^^^^^^^^^^^^^^^^^^^^^^^
  File "/home/maxim/Рабочий стол/Бот/.venv/lib/python3.13/site-packages/aiogram/dispatcher/event/handler.py", line 43, in call
    return await wrapped()
           ^^^^^^^^^^^^^^^
  File "/home/maxim/Рабочий стол/Бот/.venv/lib/python3.13/site-packages/aiogram/dispatcher/dispatcher.py", line 276, in _listen_update
    return await self.propagate_event(update_type=update_type, event=event, **kwargs)
           ^^^^^^^^^^^^^^^^^^^^^^^^^^^^^^^^^^^^^^^^^^^^^^^^^^^^^^^^^^^^^^^^^^^^^^^^^^
  File "/home/maxim/Рабочий стол/Бот/.venv/lib/python3.13/site-packages/aiogram/dispatcher/router.py", line 146, in propagate_event
    return await observer.wrap_outer_middleware(_wrapped, event=event, data=kwargs)
           ^^^^^^^^^^^^^^^^^^^^^^^^^^^^^^^^^^^^^^^^^^^^^^^^^^^^^^^^^^^^^^^^^^^^^^^^
  File "/home/maxim/Рабочий стол/Бот/.venv/lib/python3.13/site-packages/aiogram/dispatcher/router.py", line 141, in _wrapped
    return await self._propagate_event(
           ^^^^^^^^^^^^^^^^^^^^^^^^^^^^
        observer=observer, update_type=update_type, event=telegram_event, **data
        ^^^^^^^^^^^^^^^^^^^^^^^^^^^^^^^^^^^^^^^^^^^^^^^^^^^^^^^^^^^^^^^^^^^^^^^^
    )
    ^
  File "/home/maxim/Рабочий стол/Бот/.venv/lib/python3.13/site-packages/aiogram/dispatcher/router.py", line 174, in _propagate_event
    response = await router.propagate_event(update_type=update_type, event=event, **kwargs)
               ^^^^^^^^^^^^^^^^^^^^^^^^^^^^^^^^^^^^^^^^^^^^^^^^^^^^^^^^^^^^^^^^^^^^^^^^^^^^
  File "/home/maxim/Рабочий стол/Бот/.venv/lib/python3.13/site-packages/aiogram/dispatcher/router.py", line 146, in propagate_event
    return await observer.wrap_outer_middleware(_wrapped, event=event, data=kwargs)
           ^^^^^^^^^^^^^^^^^^^^^^^^^^^^^^^^^^^^^^^^^^^^^^^^^^^^^^^^^^^^^^^^^^^^^^^^
  File "/home/maxim/Рабочий стол/Бот/.venv/lib/python3.13/site-packages/aiogram/dispatcher/router.py", line 141, in _wrapped
    return await self._propagate_event(
           ^^^^^^^^^^^^^^^^^^^^^^^^^^^^
        observer=observer, update_type=update_type, event=telegram_event, **data
        ^^^^^^^^^^^^^^^^^^^^^^^^^^^^^^^^^^^^^^^^^^^^^^^^^^^^^^^^^^^^^^^^^^^^^^^^
    )
    ^
  File "/home/maxim/Рабочий стол/Бот/.venv/lib/python3.13/site-packages/aiogram/dispatcher/router.py", line 166, in _propagate_event
    response = await observer.trigger(event, **kwargs)
               ^^^^^^^^^^^^^^^^^^^^^^^^^^^^^^^^^^^^^^^
  File "/home/maxim/Рабочий стол/Бот/.venv/lib/python3.13/site-packages/aiogram/dispatcher/event/telegram.py", line 121, in trigger
    return await wrapped_inner(event, kwargs)
           ^^^^^^^^^^^^^^^^^^^^^^^^^^^^^^^^^^
  File "/home/maxim/Рабочий стол/Бот/.venv/lib/python3.13/site-packages/aiogram/dispatcher/event/handler.py", line 43, in call
    return await wrapped()
           ^^^^^^^^^^^^^^^
  File "/home/maxim/Рабочий стол/Бот/admin_handlers.py", line 45, in wrapper
    return await handler(message, *args, **kwargs)
                 ~~~~~~~^^^^^^^^^^^^^^^^^^^^^^^^^^
TypeError: admin_panel() got an unexpected keyword argument 'dispatcher'
2025-08-20 12:17:00,625 - aiogram.event - INFO - Update id=278642784 is not handled. Duration 1 ms by bot id=7802859310
2025-08-20 12:17:00,625 - aiogram.event - ERROR - Cause exception while process update id=278642784 by bot id=7802859310
TypeError: admin_panel() got an unexpected keyword argument 'dispatcher'
Traceback (most recent call last):
  File "/home/maxim/Рабочий стол/Бот/.venv/lib/python3.13/site-packages/aiogram/dispatcher/dispatcher.py", line 309, in _process_update
    response = await self.feed_update(bot, update, **kwargs)
               ^^^^^^^^^^^^^^^^^^^^^^^^^^^^^^^^^^^^^^^^^^^^^
  File "/home/maxim/Рабочий стол/Бот/.venv/lib/python3.13/site-packages/aiogram/dispatcher/dispatcher.py", line 158, in feed_update
    response = await self.update.wrap_outer_middleware(
               ^^^^^^^^^^^^^^^^^^^^^^^^^^^^^^^^^^^^^^^^
    ...<7 lines>...
    )
    ^
  File "/home/maxim/Рабочий стол/Бот/.venv/lib/python3.13/site-packages/aiogram/dispatcher/middlewares/error.py", line 25, in __call__
    return await handler(event, data)
           ^^^^^^^^^^^^^^^^^^^^^^^^^^
  File "/home/maxim/Рабочий стол/Бот/.venv/lib/python3.13/site-packages/aiogram/dispatcher/middlewares/user_context.py", line 56, in __call__
    return await handler(event, data)
           ^^^^^^^^^^^^^^^^^^^^^^^^^^
  File "/home/maxim/Рабочий стол/Бот/.venv/lib/python3.13/site-packages/aiogram/fsm/middleware.py", line 42, in __call__
    return await handler(event, data)
           ^^^^^^^^^^^^^^^^^^^^^^^^^^
  File "/home/maxim/Рабочий стол/Бот/.venv/lib/python3.13/site-packages/aiogram/dispatcher/event/telegram.py", line 121, in trigger
    return await wrapped_inner(event, kwargs)
           ^^^^^^^^^^^^^^^^^^^^^^^^^^^^^^^^^^
  File "/home/maxim/Рабочий стол/Бот/.venv/lib/python3.13/site-packages/aiogram/dispatcher/event/handler.py", line 43, in call
    return await wrapped()
           ^^^^^^^^^^^^^^^
  File "/home/maxim/Рабочий стол/Бот/.venv/lib/python3.13/site-packages/aiogram/dispatcher/dispatcher.py", line 276, in _listen_update
    return await self.propagate_event(update_type=update_type, event=event, **kwargs)
           ^^^^^^^^^^^^^^^^^^^^^^^^^^^^^^^^^^^^^^^^^^^^^^^^^^^^^^^^^^^^^^^^^^^^^^^^^^
  File "/home/maxim/Рабочий стол/Бот/.venv/lib/python3.13/site-packages/aiogram/dispatcher/router.py", line 146, in propagate_event
    return await observer.wrap_outer_middleware(_wrapped, event=event, data=kwargs)
           ^^^^^^^^^^^^^^^^^^^^^^^^^^^^^^^^^^^^^^^^^^^^^^^^^^^^^^^^^^^^^^^^^^^^^^^^
  File "/home/maxim/Рабочий стол/Бот/.venv/lib/python3.13/site-packages/aiogram/dispatcher/router.py", line 141, in _wrapped
    return await self._propagate_event(
           ^^^^^^^^^^^^^^^^^^^^^^^^^^^^
        observer=observer, update_type=update_type, event=telegram_event, **data
        ^^^^^^^^^^^^^^^^^^^^^^^^^^^^^^^^^^^^^^^^^^^^^^^^^^^^^^^^^^^^^^^^^^^^^^^^
    )
    ^
  File "/home/maxim/Рабочий стол/Бот/.venv/lib/python3.13/site-packages/aiogram/dispatcher/router.py", line 174, in _propagate_event
    response = await router.propagate_event(update_type=update_type, event=event, **kwargs)
               ^^^^^^^^^^^^^^^^^^^^^^^^^^^^^^^^^^^^^^^^^^^^^^^^^^^^^^^^^^^^^^^^^^^^^^^^^^^^
  File "/home/maxim/Рабочий стол/Бот/.venv/lib/python3.13/site-packages/aiogram/dispatcher/router.py", line 146, in propagate_event
    return await observer.wrap_outer_middleware(_wrapped, event=event, data=kwargs)
           ^^^^^^^^^^^^^^^^^^^^^^^^^^^^^^^^^^^^^^^^^^^^^^^^^^^^^^^^^^^^^^^^^^^^^^^^
  File "/home/maxim/Рабочий стол/Бот/.venv/lib/python3.13/site-packages/aiogram/dispatcher/router.py", line 141, in _wrapped
    return await self._propagate_event(
           ^^^^^^^^^^^^^^^^^^^^^^^^^^^^
        observer=observer, update_type=update_type, event=telegram_event, **data
        ^^^^^^^^^^^^^^^^^^^^^^^^^^^^^^^^^^^^^^^^^^^^^^^^^^^^^^^^^^^^^^^^^^^^^^^^
    )
    ^
  File "/home/maxim/Рабочий стол/Бот/.venv/lib/python3.13/site-packages/aiogram/dispatcher/router.py", line 166, in _propagate_event
    response = await observer.trigger(event, **kwargs)
               ^^^^^^^^^^^^^^^^^^^^^^^^^^^^^^^^^^^^^^^
  File "/home/maxim/Рабочий стол/Бот/.venv/lib/python3.13/site-packages/aiogram/dispatcher/event/telegram.py", line 121, in trigger
    return await wrapped_inner(event, kwargs)
           ^^^^^^^^^^^^^^^^^^^^^^^^^^^^^^^^^^
  File "/home/maxim/Рабочий стол/Бот/.venv/lib/python3.13/site-packages/aiogram/dispatcher/event/handler.py", line 43, in call
    return await wrapped()
           ^^^^^^^^^^^^^^^
  File "/home/maxim/Рабочий стол/Бот/admin_handlers.py", line 45, in wrapper
    return await handler(message, *args, **kwargs)
                 ~~~~~~~^^^^^^^^^^^^^^^^^^^^^^^^^^
TypeError: admin_panel() got an unexpected keyword argument 'dispatcher'
2025-08-20 12:17:00,707 - aiogram.event - INFO - Update id=278642785 is not handled. Duration 1 ms by bot id=7802859310
2025-08-20 12:17:00,707 - aiogram.event - ERROR - Cause exception while process update id=278642785 by bot id=7802859310
TypeError: admin_panel() got an unexpected keyword argument 'dispatcher'
Traceback (most recent call last):
  File "/home/maxim/Рабочий стол/Бот/.venv/lib/python3.13/site-packages/aiogram/dispatcher/dispatcher.py", line 309, in _process_update
    response = await self.feed_update(bot, update, **kwargs)
               ^^^^^^^^^^^^^^^^^^^^^^^^^^^^^^^^^^^^^^^^^^^^^
  File "/home/maxim/Рабочий стол/Бот/.venv/lib/python3.13/site-packages/aiogram/dispatcher/dispatcher.py", line 158, in feed_update
    response = await self.update.wrap_outer_middleware(
               ^^^^^^^^^^^^^^^^^^^^^^^^^^^^^^^^^^^^^^^^
    ...<7 lines>...
    )
    ^
  File "/home/maxim/Рабочий стол/Бот/.venv/lib/python3.13/site-packages/aiogram/dispatcher/middlewares/error.py", line 25, in __call__
    return await handler(event, data)
           ^^^^^^^^^^^^^^^^^^^^^^^^^^
  File "/home/maxim/Рабочий стол/Бот/.venv/lib/python3.13/site-packages/aiogram/dispatcher/middlewares/user_context.py", line 56, in __call__
    return await handler(event, data)
           ^^^^^^^^^^^^^^^^^^^^^^^^^^
  File "/home/maxim/Рабочий стол/Бот/.venv/lib/python3.13/site-packages/aiogram/fsm/middleware.py", line 42, in __call__
    return await handler(event, data)
           ^^^^^^^^^^^^^^^^^^^^^^^^^^
  File "/home/maxim/Рабочий стол/Бот/.venv/lib/python3.13/site-packages/aiogram/dispatcher/event/telegram.py", line 121, in trigger
    return await wrapped_inner(event, kwargs)
           ^^^^^^^^^^^^^^^^^^^^^^^^^^^^^^^^^^
  File "/home/maxim/Рабочий стол/Бот/.venv/lib/python3.13/site-packages/aiogram/dispatcher/event/handler.py", line 43, in call
    return await wrapped()
           ^^^^^^^^^^^^^^^
  File "/home/maxim/Рабочий стол/Бот/.venv/lib/python3.13/site-packages/aiogram/dispatcher/dispatcher.py", line 276, in _listen_update
    return await self.propagate_event(update_type=update_type, event=event, **kwargs)
           ^^^^^^^^^^^^^^^^^^^^^^^^^^^^^^^^^^^^^^^^^^^^^^^^^^^^^^^^^^^^^^^^^^^^^^^^^^
  File "/home/maxim/Рабочий стол/Бот/.venv/lib/python3.13/site-packages/aiogram/dispatcher/router.py", line 146, in propagate_event
    return await observer.wrap_outer_middleware(_wrapped, event=event, data=kwargs)
           ^^^^^^^^^^^^^^^^^^^^^^^^^^^^^^^^^^^^^^^^^^^^^^^^^^^^^^^^^^^^^^^^^^^^^^^^
  File "/home/maxim/Рабочий стол/Бот/.venv/lib/python3.13/site-packages/aiogram/dispatcher/router.py", line 141, in _wrapped
    return await self._propagate_event(
           ^^^^^^^^^^^^^^^^^^^^^^^^^^^^
        observer=observer, update_type=update_type, event=telegram_event, **data
        ^^^^^^^^^^^^^^^^^^^^^^^^^^^^^^^^^^^^^^^^^^^^^^^^^^^^^^^^^^^^^^^^^^^^^^^^
    )
    ^
  File "/home/maxim/Рабочий стол/Бот/.venv/lib/python3.13/site-packages/aiogram/dispatcher/router.py", line 174, in _propagate_event
    response = await router.propagate_event(update_type=update_type, event=event, **kwargs)
               ^^^^^^^^^^^^^^^^^^^^^^^^^^^^^^^^^^^^^^^^^^^^^^^^^^^^^^^^^^^^^^^^^^^^^^^^^^^^
  File "/home/maxim/Рабочий стол/Бот/.venv/lib/python3.13/site-packages/aiogram/dispatcher/router.py", line 146, in propagate_event
    return await observer.wrap_outer_middleware(_wrapped, event=event, data=kwargs)
           ^^^^^^^^^^^^^^^^^^^^^^^^^^^^^^^^^^^^^^^^^^^^^^^^^^^^^^^^^^^^^^^^^^^^^^^^
  File "/home/maxim/Рабочий стол/Бот/.venv/lib/python3.13/site-packages/aiogram/dispatcher/router.py", line 141, in _wrapped
    return await self._propagate_event(
           ^^^^^^^^^^^^^^^^^^^^^^^^^^^^
        observer=observer, update_type=update_type, event=telegram_event, **data
        ^^^^^^^^^^^^^^^^^^^^^^^^^^^^^^^^^^^^^^^^^^^^^^^^^^^^^^^^^^^^^^^^^^^^^^^^
    )
    ^
  File "/home/maxim/Рабочий стол/Бот/.venv/lib/python3.13/site-packages/aiogram/dispatcher/router.py", line 166, in _propagate_event
    response = await observer.trigger(event, **kwargs)
               ^^^^^^^^^^^^^^^^^^^^^^^^^^^^^^^^^^^^^^^
  File "/home/maxim/Рабочий стол/Бот/.venv/lib/python3.13/site-packages/aiogram/dispatcher/event/telegram.py", line 121, in trigger
    return await wrapped_inner(event, kwargs)
           ^^^^^^^^^^^^^^^^^^^^^^^^^^^^^^^^^^
  File "/home/maxim/Рабочий стол/Бот/.venv/lib/python3.13/site-packages/aiogram/dispatcher/event/handler.py", line 43, in call
    return await wrapped()
           ^^^^^^^^^^^^^^^
  File "/home/maxim/Рабочий стол/Бот/admin_handlers.py", line 45, in wrapper
    return await handler(message, *args, **kwargs)
                 ~~~~~~~^^^^^^^^^^^^^^^^^^^^^^^^^^
TypeError: admin_panel() got an unexpected keyword argument 'dispatcher'
2025-08-20 12:17:15,863 - aiogram.dispatcher - WARNING - Received SIGINT signal
2025-08-20 12:17:15,863 - aiogram.dispatcher - INFO - Polling stopped for bot @NogotochkiTochkaBot id=7802859310 - 'NogotochkiTochkaBot'
2025-08-20 12:17:15,863 - aiogram.dispatcher - INFO - Polling stopped
2025-08-20 12:17:22,801 - __main__ - INFO - Бот запущен
2025-08-20 12:17:22,801 - aiogram.dispatcher - INFO - Start polling
2025-08-20 12:17:23,004 - aiogram.dispatcher - INFO - Run polling for bot @NogotochkiTochkaBot id=7802859310 - 'NogotochkiTochkaBot'
2025-08-20 12:17:32,189 - aiogram.event - INFO - Update id=278642786 is not handled. Duration 1 ms by bot id=7802859310
2025-08-20 12:17:32,189 - aiogram.event - ERROR - Cause exception while process update id=278642786 by bot id=7802859310
TypeError: admin_panel() got an unexpected keyword argument 'dispatcher'
Traceback (most recent call last):
  File "/home/maxim/Рабочий стол/Бот/.venv/lib/python3.13/site-packages/aiogram/dispatcher/dispatcher.py", line 309, in _process_update
    response = await self.feed_update(bot, update, **kwargs)
               ^^^^^^^^^^^^^^^^^^^^^^^^^^^^^^^^^^^^^^^^^^^^^
  File "/home/maxim/Рабочий стол/Бот/.venv/lib/python3.13/site-packages/aiogram/dispatcher/dispatcher.py", line 158, in feed_update
    response = await self.update.wrap_outer_middleware(
               ^^^^^^^^^^^^^^^^^^^^^^^^^^^^^^^^^^^^^^^^
    ...<7 lines>...
    )
    ^
  File "/home/maxim/Рабочий стол/Бот/.venv/lib/python3.13/site-packages/aiogram/dispatcher/middlewares/error.py", line 25, in __call__
    return await handler(event, data)
           ^^^^^^^^^^^^^^^^^^^^^^^^^^
  File "/home/maxim/Рабочий стол/Бот/.venv/lib/python3.13/site-packages/aiogram/dispatcher/middlewares/user_context.py", line 56, in __call__
    return await handler(event, data)
           ^^^^^^^^^^^^^^^^^^^^^^^^^^
  File "/home/maxim/Рабочий стол/Бот/.venv/lib/python3.13/site-packages/aiogram/fsm/middleware.py", line 42, in __call__
    return await handler(event, data)
           ^^^^^^^^^^^^^^^^^^^^^^^^^^
  File "/home/maxim/Рабочий стол/Бот/.venv/lib/python3.13/site-packages/aiogram/dispatcher/event/telegram.py", line 121, in trigger
    return await wrapped_inner(event, kwargs)
           ^^^^^^^^^^^^^^^^^^^^^^^^^^^^^^^^^^
  File "/home/maxim/Рабочий стол/Бот/.venv/lib/python3.13/site-packages/aiogram/dispatcher/event/handler.py", line 43, in call
    return await wrapped()
           ^^^^^^^^^^^^^^^
  File "/home/maxim/Рабочий стол/Бот/.venv/lib/python3.13/site-packages/aiogram/dispatcher/dispatcher.py", line 276, in _listen_update
    return await self.propagate_event(update_type=update_type, event=event, **kwargs)
           ^^^^^^^^^^^^^^^^^^^^^^^^^^^^^^^^^^^^^^^^^^^^^^^^^^^^^^^^^^^^^^^^^^^^^^^^^^
  File "/home/maxim/Рабочий стол/Бот/.venv/lib/python3.13/site-packages/aiogram/dispatcher/router.py", line 146, in propagate_event
    return await observer.wrap_outer_middleware(_wrapped, event=event, data=kwargs)
           ^^^^^^^^^^^^^^^^^^^^^^^^^^^^^^^^^^^^^^^^^^^^^^^^^^^^^^^^^^^^^^^^^^^^^^^^
  File "/home/maxim/Рабочий стол/Бот/.venv/lib/python3.13/site-packages/aiogram/dispatcher/router.py", line 141, in _wrapped
    return await self._propagate_event(
           ^^^^^^^^^^^^^^^^^^^^^^^^^^^^
        observer=observer, update_type=update_type, event=telegram_event, **data
        ^^^^^^^^^^^^^^^^^^^^^^^^^^^^^^^^^^^^^^^^^^^^^^^^^^^^^^^^^^^^^^^^^^^^^^^^
    )
    ^
  File "/home/maxim/Рабочий стол/Бот/.venv/lib/python3.13/site-packages/aiogram/dispatcher/router.py", line 174, in _propagate_event
    response = await router.propagate_event(update_type=update_type, event=event, **kwargs)
               ^^^^^^^^^^^^^^^^^^^^^^^^^^^^^^^^^^^^^^^^^^^^^^^^^^^^^^^^^^^^^^^^^^^^^^^^^^^^
  File "/home/maxim/Рабочий стол/Бот/.venv/lib/python3.13/site-packages/aiogram/dispatcher/router.py", line 146, in propagate_event
    return await observer.wrap_outer_middleware(_wrapped, event=event, data=kwargs)
           ^^^^^^^^^^^^^^^^^^^^^^^^^^^^^^^^^^^^^^^^^^^^^^^^^^^^^^^^^^^^^^^^^^^^^^^^
  File "/home/maxim/Рабочий стол/Бот/.venv/lib/python3.13/site-packages/aiogram/dispatcher/router.py", line 141, in _wrapped
    return await self._propagate_event(
           ^^^^^^^^^^^^^^^^^^^^^^^^^^^^
        observer=observer, update_type=update_type, event=telegram_event, **data
        ^^^^^^^^^^^^^^^^^^^^^^^^^^^^^^^^^^^^^^^^^^^^^^^^^^^^^^^^^^^^^^^^^^^^^^^^
    )
    ^
  File "/home/maxim/Рабочий стол/Бот/.venv/lib/python3.13/site-packages/aiogram/dispatcher/router.py", line 166, in _propagate_event
    response = await observer.trigger(event, **kwargs)
               ^^^^^^^^^^^^^^^^^^^^^^^^^^^^^^^^^^^^^^^
  File "/home/maxim/Рабочий стол/Бот/.venv/lib/python3.13/site-packages/aiogram/dispatcher/event/telegram.py", line 121, in trigger
    return await wrapped_inner(event, kwargs)
           ^^^^^^^^^^^^^^^^^^^^^^^^^^^^^^^^^^
  File "/home/maxim/Рабочий стол/Бот/.venv/lib/python3.13/site-packages/aiogram/dispatcher/event/handler.py", line 43, in call
    return await wrapped()
           ^^^^^^^^^^^^^^^
  File "/home/maxim/Рабочий стол/Бот/admin_handlers.py", line 45, in wrapper
    return await handler(message, *args, **kwargs)
                 ~~~~~~~^^^^^^^^^^^^^^^^^^^^^^^^^^
TypeError: admin_panel() got an unexpected keyword argument 'dispatcher'
2025-08-20 12:24:01,735 - aiogram.dispatcher - WARNING - Received SIGINT signal
2025-08-20 12:24:01,735 - aiogram.dispatcher - INFO - Polling stopped for bot @NogotochkiTochkaBot id=7802859310 - 'NogotochkiTochkaBot'
2025-08-20 12:24:01,736 - aiogram.dispatcher - INFO - Polling stopped
2025-08-20 12:24:25,960 - __main__ - INFO - Бот запущен
2025-08-20 12:24:25,960 - aiogram.dispatcher - INFO - Start polling
2025-08-20 12:24:26,150 - aiogram.dispatcher - INFO - Run polling for bot @NogotochkiTochkaBot id=7802859310 - 'NogotochkiTochkaBot'
2025-08-20 12:24:36,367 - aiogram.event - INFO - Update id=278642787 is handled. Duration 1561 ms by bot id=7802859310
2025-08-20 12:24:45,686 - aiogram.event - INFO - Update id=278642788 is handled. Duration 83 ms by bot id=7802859310
2025-08-20 12:24:48,454 - aiogram.event - INFO - Update id=278642789 is not handled. Duration 2 ms by bot id=7802859310
2025-08-20 12:25:04,503 - aiogram.event - INFO - Update id=278642790 is not handled. Duration 2 ms by bot id=7802859310
2025-08-20 12:25:07,084 - aiogram.event - INFO - Update id=278642791 is not handled. Duration 2 ms by bot id=7802859310
2025-08-20 12:25:08,568 - aiogram.event - INFO - Update id=278642792 is not handled. Duration 2 ms by bot id=7802859310
2025-08-20 12:25:09,496 - aiogram.event - INFO - Update id=278642793 is handled. Duration 96 ms by bot id=7802859310
2025-08-20 12:25:12,368 - aiogram.event - INFO - Update id=278642794 is handled. Duration 139 ms by bot id=7802859310
2025-08-20 12:25:19,946 - aiogram.event - INFO - Update id=278642795 is handled. Duration 156 ms by bot id=7802859310
2025-08-20 12:25:32,308 - aiogram.event - INFO - Update id=278642796 is handled. Duration 93 ms by bot id=7802859310
2025-08-20 12:25:33,968 - aiogram.event - INFO - Update id=278642797 is handled. Duration 79 ms by bot id=7802859310
2025-08-20 12:25:36,178 - aiogram.event - INFO - Update id=278642798 is handled. Duration 161 ms by bot id=7802859310
2025-08-20 12:25:38,758 - aiogram.event - INFO - Update id=278642799 is handled. Duration 78 ms by bot id=7802859310
2025-08-20 12:25:44,071 - aiogram.event - INFO - Update id=278642800 is handled. Duration 83 ms by bot id=7802859310
2025-08-20 12:25:46,158 - aiogram.event - INFO - Update id=278642801 is handled. Duration 79 ms by bot id=7802859310
2025-08-20 12:25:50,706 - aiogram.event - INFO - Update id=278642802 is handled. Duration 178 ms by bot id=7802859310
2025-08-20 12:25:53,215 - aiogram.event - INFO - Update id=278642803 is handled. Duration 307 ms by bot id=7802859310
2025-08-20 12:26:08,342 - aiogram.event - INFO - Update id=278642804 is handled. Duration 92 ms by bot id=7802859310
2025-08-20 12:26:14,328 - aiogram.event - INFO - Update id=278642805 is handled. Duration 115 ms by bot id=7802859310
2025-08-20 12:26:21,132 - aiogram.event - INFO - Update id=278642806 is handled. Duration 289 ms by bot id=7802859310
2025-08-20 12:26:34,834 - aiogram.event - INFO - Update id=278642807 is handled. Duration 242 ms by bot id=7802859310
2025-08-20 12:26:37,630 - aiogram.event - INFO - Update id=278642808 is handled. Duration 83 ms by bot id=7802859310
2025-08-20 12:26:40,414 - aiogram.event - INFO - Update id=278642809 is handled. Duration 79 ms by bot id=7802859310
2025-08-20 12:26:42,239 - aiogram.event - INFO - Update id=278642810 is not handled. Duration 2 ms by bot id=7802859310
2025-08-20 12:26:47,088 - aiogram.event - INFO - Update id=278642811 is handled. Duration 80 ms by bot id=7802859310
2025-08-20 12:26:53,145 - aiogram.event - INFO - Update id=278642812 is handled. Duration 99 ms by bot id=7802859310
2025-08-20 12:27:07,898 - aiogram.event - INFO - Update id=278642813 is handled. Duration 523 ms by bot id=7802859310
2025-08-20 12:27:11,269 - aiogram.event - INFO - Update id=278642814 is handled. Duration 114 ms by bot id=7802859310
2025-08-20 12:27:13,598 - aiogram.event - INFO - Update id=278642815 is not handled. Duration 2 ms by bot id=7802859310
2025-08-20 12:27:17,246 - aiogram.event - INFO - Update id=278642816 is not handled. Duration 2 ms by bot id=7802859310
2025-08-20 12:28:37,298 - aiogram.event - INFO - Update id=278642817 is handled. Duration 89 ms by bot id=7802859310
2025-08-20 12:28:41,342 - aiogram.event - INFO - Update id=278642818 is handled. Duration 79 ms by bot id=7802859310
2025-08-20 12:28:43,671 - aiogram.event - INFO - Update id=278642819 is handled. Duration 81 ms by bot id=7802859310
2025-08-20 12:28:44,901 - aiogram.event - INFO - Update id=278642820 is handled. Duration 87 ms by bot id=7802859310
2025-08-20 12:30:02,289 - aiogram.dispatcher - WARNING - Received SIGINT signal
2025-08-20 12:30:02,289 - aiogram.dispatcher - INFO - Polling stopped for bot @NogotochkiTochkaBot id=7802859310 - 'NogotochkiTochkaBot'
2025-08-20 12:30:02,290 - aiogram.dispatcher - INFO - Polling stopped
2025-08-20 12:45:36,365 - __main__ - INFO - Бот запущен
2025-08-20 12:45:36,365 - aiogram.dispatcher - INFO - Start polling
2025-08-20 12:45:37,912 - aiogram.dispatcher - INFO - Run polling for bot @NogotochkiTochkaBot id=7802859310 - 'NogotochkiTochkaBot'
2025-08-20 12:46:02,499 - aiogram.event - INFO - Update id=278642821 is handled. Duration 1120 ms by bot id=7802859310
2025-08-20 12:46:12,854 - aiogram.event - INFO - Update id=278642822 is handled. Duration 250 ms by bot id=7802859310
2025-08-20 12:46:20,797 - aiogram.event - INFO - Update id=278642823 is handled. Duration 339 ms by bot id=7802859310
2025-08-20 12:46:24,403 - aiogram.event - INFO - Update id=278642824 is handled. Duration 289 ms by bot id=7802859310
2025-08-20 12:46:33,123 - aiogram.event - INFO - Update id=278642825 is handled. Duration 241 ms by bot id=7802859310
2025-08-20 12:46:56,890 - aiogram.event - INFO - Update id=278642826 is handled. Duration 571 ms by bot id=7802859310
2025-08-20 12:47:10,362 - aiogram.event - INFO - Update id=278642827 is handled. Duration 248 ms by bot id=7802859310
2025-08-20 12:47:16,171 - aiogram.event - INFO - Update id=278642828 is handled. Duration 241 ms by bot id=7802859310
2025-08-20 12:47:42,278 - aiogram.event - INFO - Update id=278642829 is handled. Duration 228 ms by bot id=7802859310
2025-08-20 12:47:50,887 - aiogram.event - INFO - Update id=278642830 is handled. Duration 278 ms by bot id=7802859310
2025-08-20 12:49:30,305 - aiogram.event - INFO - Update id=278642831 is handled. Duration 219 ms by bot id=7802859310
2025-08-20 12:49:34,451 - aiogram.event - INFO - Update id=278642832 is handled. Duration 273 ms by bot id=7802859310
2025-08-20 12:49:36,377 - aiogram.event - INFO - Update id=278642833 is handled. Duration 225 ms by bot id=7802859310
2025-08-20 12:49:38,418 - aiogram.event - INFO - Update id=278642834 is handled. Duration 223 ms by bot id=7802859310
2025-08-20 12:49:40,220 - aiogram.event - INFO - Update id=278642835 is handled. Duration 239 ms by bot id=7802859310
2025-08-20 12:49:42,349 - aiogram.event - INFO - Update id=278642836 is handled. Duration 314 ms by bot id=7802859310
2025-08-20 12:49:44,075 - aiogram.event - INFO - Update id=278642837 is handled. Duration 230 ms by bot id=7802859310
2025-08-20 12:50:01,192 - aiogram.dispatcher - ERROR - Failed to fetch updates - TelegramNetworkError: HTTP Client says - ServerDisconnectedError: Server disconnected
2025-08-20 12:50:01,192 - aiogram.dispatcher - WARNING - Sleep for 1.000000 seconds and try again... (tryings = 0, bot id = 7802859310)
2025-08-20 12:50:12,352 - aiogram.dispatcher - INFO - Connection established (tryings = 1, bot id = 7802859310)
2025-08-20 12:50:39,972 - aiogram.event - INFO - Update id=278642838 is handled. Duration 214 ms by bot id=7802859310
2025-08-20 12:50:50,703 - aiogram.event - INFO - Update id=278642839 is handled. Duration 80 ms by bot id=7802859310
2025-08-20 12:50:55,268 - aiogram.event - INFO - Update id=278642840 is handled. Duration 663 ms by bot id=7802859310
2025-08-20 12:53:34,603 - aiogram.event - INFO - Update id=278642841 is handled. Duration 138 ms by bot id=7802859310
2025-08-20 12:53:37,897 - aiogram.event - INFO - Update id=278642842 is handled. Duration 80 ms by bot id=7802859310
2025-08-20 12:53:41,322 - aiogram.event - INFO - Update id=278642843 is handled. Duration 78 ms by bot id=7802859310
2025-08-20 12:53:49,830 - aiogram.event - INFO - Update id=278642844 is handled. Duration 265 ms by bot id=7802859310
2025-08-20 13:09:44,141 - aiogram.dispatcher - WARNING - Received SIGINT signal
2025-08-20 13:09:44,142 - aiogram.dispatcher - INFO - Polling stopped for bot @NogotochkiTochkaBot id=7802859310 - 'NogotochkiTochkaBot'
2025-08-20 13:09:44,142 - aiogram.dispatcher - INFO - Polling stopped
2025-08-20 13:21:34,930 - database - INFO - База данных успешно инициализирована
2025-08-20 13:21:34,939 - __main__ - INFO - Бот запущен
2025-08-20 13:21:34,939 - aiogram.dispatcher - INFO - Start polling
2025-08-20 13:21:35,139 - aiogram.dispatcher - INFO - Run polling for bot @NogotochkiTochkaBot id=7802859310 - 'NogotochkiTochkaBot'
2025-08-20 13:22:07,471 - aiogram.event - INFO - Update id=278642845 is handled. Duration 234 ms by bot id=7802859310
2025-08-20 13:22:12,069 - aiogram.event - INFO - Update id=278642846 is handled. Duration 126 ms by bot id=7802859310
2025-08-20 13:22:19,178 - aiogram.event - INFO - Update id=278642847 is handled. Duration 94 ms by bot id=7802859310
2025-08-20 13:22:29,127 - aiogram.event - INFO - Update id=278642848 is handled. Duration 278 ms by bot id=7802859310
2025-08-20 13:23:44,715 - aiogram.event - INFO - Update id=278642849 is handled. Duration 98 ms by bot id=7802859310
2025-08-20 13:23:52,491 - aiogram.event - INFO - Update id=278642850 is handled. Duration 94 ms by bot id=7802859310
2025-08-20 13:25:35,731 - aiogram.dispatcher - WARNING - Received SIGINT signal
2025-08-20 13:25:35,732 - aiogram.dispatcher - INFO - Polling stopped for bot @NogotochkiTochkaBot id=7802859310 - 'NogotochkiTochkaBot'
2025-08-20 13:25:35,732 - aiogram.dispatcher - INFO - Polling stopped
2025-08-20 13:38:51,359 - database - INFO - База данных успешно инициализирована
2025-08-20 13:38:51,368 - __main__ - INFO - Бот запущен
2025-08-20 13:38:51,368 - aiogram.dispatcher - INFO - Start polling
2025-08-20 13:38:51,565 - aiogram.dispatcher - INFO - Run polling for bot @NogotochkiTochkaBot id=7802859310 - 'NogotochkiTochkaBot'
2025-08-20 13:39:06,768 - aiogram.event - INFO - Update id=278642851 is handled. Duration 247 ms by bot id=7802859310
2025-08-20 13:39:16,726 - aiogram.event - INFO - Update id=278642852 is handled. Duration 351 ms by bot id=7802859310
2025-08-20 13:39:26,822 - aiogram.event - INFO - Update id=278642853 is handled. Duration 119 ms by bot id=7802859310
2025-08-20 13:39:58,646 - aiogram.event - INFO - Update id=278642854 is handled. Duration 83 ms by bot id=7802859310
2025-08-20 13:46:34,534 - aiogram.event - INFO - Update id=278642855 is handled. Duration 112 ms by bot id=7802859310
2025-08-20 13:46:44,687 - aiogram.event - INFO - Update id=278642856 is handled. Duration 99 ms by bot id=7802859310
2025-08-20 13:47:44,043 - aiogram.dispatcher - WARNING - Received SIGINT signal
2025-08-20 13:47:44,045 - aiogram.dispatcher - INFO - Polling stopped for bot @NogotochkiTochkaBot id=7802859310 - 'NogotochkiTochkaBot'
2025-08-20 13:47:44,045 - aiogram.dispatcher - INFO - Polling stopped
2025-08-20 13:47:48,157 - database - INFO - База данных успешно инициализирована
2025-08-20 13:47:48,167 - __main__ - INFO - Бот запущен
2025-08-20 13:47:48,167 - aiogram.dispatcher - INFO - Start polling
2025-08-20 13:47:48,352 - aiogram.dispatcher - INFO - Run polling for bot @NogotochkiTochkaBot id=7802859310 - 'NogotochkiTochkaBot'
2025-08-20 13:48:01,322 - aiogram.event - INFO - Update id=278642857 is handled. Duration 772 ms by bot id=7802859310
2025-08-20 13:48:05,299 - aiogram.event - INFO - Update id=278642858 is handled. Duration 168 ms by bot id=7802859310
2025-08-20 13:48:11,007 - aiogram.event - INFO - Update id=278642859 is handled. Duration 107 ms by bot id=7802859310
2025-08-20 13:51:42,207 - aiogram.dispatcher - WARNING - Received SIGINT signal
2025-08-20 13:51:42,209 - aiogram.dispatcher - INFO - Polling stopped for bot @NogotochkiTochkaBot id=7802859310 - 'NogotochkiTochkaBot'
2025-08-20 13:51:42,210 - aiogram.dispatcher - INFO - Polling stopped
2025-08-20 13:51:46,429 - database - INFO - База данных успешно инициализирована
2025-08-20 13:51:46,439 - __main__ - INFO - Бот запущен
2025-08-20 13:51:46,439 - aiogram.dispatcher - INFO - Start polling
2025-08-20 13:51:46,625 - aiogram.dispatcher - INFO - Run polling for bot @NogotochkiTochkaBot id=7802859310 - 'NogotochkiTochkaBot'
2025-08-20 13:51:59,481 - aiogram.event - INFO - Update id=278642860 is handled. Duration 774 ms by bot id=7802859310
2025-08-20 13:52:01,906 - aiogram.event - INFO - Update id=278642861 is handled. Duration 333 ms by bot id=7802859310
2025-08-20 13:52:03,674 - aiogram.event - INFO - Update id=278642862 is handled. Duration 120 ms by bot id=7802859310
2025-08-20 13:52:08,687 - aiogram.event - INFO - Update id=278642863 is handled. Duration 141 ms by bot id=7802859310
2025-08-20 13:54:35,749 - aiogram.event - INFO - Update id=278642864 is handled. Duration 111 ms by bot id=7802859310
2025-08-20 13:54:54,278 - aiogram.event - INFO - Update id=278642865 is handled. Duration 141 ms by bot id=7802859310
2025-08-20 13:57:51,608 - aiogram.event - INFO - Update id=278642866 is handled. Duration 111 ms by bot id=7802859310
2025-08-20 13:58:56,837 - aiogram.event - INFO - Update id=278642867 is handled. Duration 190 ms by bot id=7802859310
2025-08-20 14:03:27,129 - aiogram.dispatcher - WARNING - Received SIGINT signal
2025-08-20 14:03:27,130 - aiogram.dispatcher - INFO - Polling stopped for bot @NogotochkiTochkaBot id=7802859310 - 'NogotochkiTochkaBot'
2025-08-20 14:03:27,130 - aiogram.dispatcher - INFO - Polling stopped
2025-08-20 14:03:35,895 - database - INFO - База данных успешно инициализирована
2025-08-20 14:03:35,903 - __main__ - INFO - Бот запущен
2025-08-20 14:03:35,904 - aiogram.dispatcher - INFO - Start polling
2025-08-20 14:03:36,115 - aiogram.dispatcher - INFO - Run polling for bot @NogotochkiTochkaBot id=7802859310 - 'NogotochkiTochkaBot'
2025-08-20 14:03:52,705 - aiogram.event - INFO - Update id=278642868 is handled. Duration 388 ms by bot id=7802859310
2025-08-20 14:03:58,617 - aiogram.event - INFO - Update id=278642869 is handled. Duration 150 ms by bot id=7802859310
2025-08-20 14:05:45,752 - aiogram.dispatcher - WARNING - Received SIGINT signal
2025-08-20 14:05:45,754 - aiogram.dispatcher - INFO - Polling stopped for bot @NogotochkiTochkaBot id=7802859310 - 'NogotochkiTochkaBot'
2025-08-20 14:05:45,754 - aiogram.dispatcher - INFO - Polling stopped
2025-08-20 14:05:50,966 - database - INFO - База данных успешно инициализирована
2025-08-20 14:05:50,975 - __main__ - INFO - Бот запущен
2025-08-20 14:05:50,976 - aiogram.dispatcher - INFO - Start polling
2025-08-20 14:05:51,155 - aiogram.dispatcher - INFO - Run polling for bot @NogotochkiTochkaBot id=7802859310 - 'NogotochkiTochkaBot'
2025-08-20 14:05:59,025 - admin_handlers - INFO - Получена команда /admin от пользователя 922891495
2025-08-20 14:05:59,025 - admin_handlers - INFO - Пользователь 922891495 успешно вошел в админ-панель
2025-08-20 14:05:59,214 - aiogram.event - INFO - Update id=278642870 is handled. Duration 189 ms by bot id=7802859310
2025-08-20 14:06:16,379 - aiogram.event - INFO - Update id=278642871 is handled. Duration 305 ms by bot id=7802859310
2025-08-20 14:11:36,505 - aiogram.dispatcher - WARNING - Received SIGINT signal
2025-08-20 14:11:36,507 - aiogram.dispatcher - INFO - Polling stopped for bot @NogotochkiTochkaBot id=7802859310 - 'NogotochkiTochkaBot'
2025-08-20 14:11:36,508 - aiogram.dispatcher - INFO - Polling stopped
2025-08-20 14:22:22,541 - database - INFO - База данных успешно инициализирована
2025-08-20 14:22:22,550 - __main__ - INFO - Бот запущен
2025-08-20 14:22:22,550 - aiogram.dispatcher - INFO - Start polling
2025-08-20 14:22:22,740 - aiogram.dispatcher - INFO - Run polling for bot @NogotochkiTochkaBot id=7802859310 - 'NogotochkiTochkaBot'
2025-08-20 14:22:34,189 - aiogram.event - INFO - Update id=278642872 is handled. Duration 199 ms by bot id=7802859310
2025-08-20 14:22:38,194 - aiogram.event - INFO - Update id=278642873 is handled. Duration 517 ms by bot id=7802859310
2025-08-20 14:22:49,302 - aiogram.event - INFO - Update id=278642874 is handled. Duration 89 ms by bot id=7802859310
2025-08-20 14:22:52,131 - aiogram.event - INFO - Update id=278642875 is handled. Duration 258 ms by bot id=7802859310
